This file contains any messages produced by compilers while
running configure, to aid debugging if configure makes a mistake.

It was created by configure, which was
generated by GNU Autoconf 2.69.  Invocation command line was

  $ ./configure 

## --------- ##
## Platform. ##
## --------- ##

hostname = debian
uname -m = x86_64
uname -r = 4.19.0-6-amd64
uname -s = Linux
uname -v = #1 SMP Debian 4.19.67-2+deb10u2 (2019-11-11)

/usr/bin/uname -p = unknown
/bin/uname -X     = unknown

/bin/arch              = x86_64
/usr/bin/arch -k       = unknown
/usr/convex/getsysinfo = unknown
/usr/bin/hostinfo      = unknown
/bin/machine           = unknown
/usr/bin/oslevel       = unknown
/bin/universe          = unknown

PATH: /home/linuxbrew/.linuxbrew/bin
PATH: /home/linuxbrew/.linuxbrew/sbin
PATH: /home/linuxbrew/.linuxbrew/bin
PATH: /home/linuxbrew/.linuxbrew/sbin
PATH: /home/pp/.rbenv/shims
PATH: /home/pp/.rbenv/bin
PATH: /usr/local/bin
PATH: /usr/bin
PATH: /bin
PATH: /usr/local/games
PATH: /usr/games


## ----------- ##
## Core tests. ##
## ----------- ##

configure:2450: checking build system type
configure:2464: result: x86_64-pc-linux-gnu
configure:2484: checking host system type
configure:2497: result: x86_64-pc-linux-gnu
configure:2568: checking for gcc
configure:2584: found /usr/bin/gcc
configure:2595: result: gcc
configure:2824: checking for C compiler version
configure:2833: gcc --version >&5
gcc (Debian 8.3.0-6) 8.3.0
Copyright (C) 2018 Free Software Foundation, Inc.
This is free software; see the source for copying conditions.  There is NO
warranty; not even for MERCHANTABILITY or FITNESS FOR A PARTICULAR PURPOSE.

configure:2844: $? = 0
configure:2833: gcc -v >&5
Using built-in specs.
COLLECT_GCC=gcc
COLLECT_LTO_WRAPPER=/usr/lib/gcc/x86_64-linux-gnu/8/lto-wrapper
OFFLOAD_TARGET_NAMES=nvptx-none
OFFLOAD_TARGET_DEFAULT=1
Target: x86_64-linux-gnu
Configured with: ../src/configure -v --with-pkgversion='Debian 8.3.0-6' --with-bugurl=file:///usr/share/doc/gcc-8/README.Bugs --enable-languages=c,ada,c++,go,brig,d,fortran,objc,obj-c++ --prefix=/usr --with-gcc-major-version-only --program-suffix=-8 --program-prefix=x86_64-linux-gnu- --enable-shared --enable-linker-build-id --libexecdir=/usr/lib --without-included-gettext --enable-threads=posix --libdir=/usr/lib --enable-nls --enable-bootstrap --enable-clocale=gnu --enable-libstdcxx-debug --enable-libstdcxx-time=yes --with-default-libstdcxx-abi=new --enable-gnu-unique-object --disable-vtable-verify --enable-libmpx --enable-plugin --enable-default-pie --with-system-zlib --with-target-system-zlib --enable-objc-gc=auto --enable-multiarch --disable-werror --with-arch-32=i686 --with-abi=m64 --with-multilib-list=m32,m64,mx32 --enable-multilib --with-tune=generic --enable-offload-targets=nvptx-none --without-cuda-driver --enable-checking=release --build=x86_64-linux-gnu --host=x86_64-linux-gnu --target=x86_64-linux-gnu
Thread model: posix
gcc version 8.3.0 (Debian 8.3.0-6) 
configure:2844: $? = 0
configure:2833: gcc -V >&5
gcc: error: unrecognized command line option '-V'
gcc: fatal error: no input files
compilation terminated.
configure:2844: $? = 1
configure:2833: gcc -qversion >&5
gcc: error: unrecognized command line option '-qversion'; did you mean '--version'?
gcc: fatal error: no input files
compilation terminated.
configure:2844: $? = 1
configure:2864: checking whether the C compiler works
configure:2886: gcc    conftest.c  >&5
configure:2890: $? = 0
configure:2938: result: yes
configure:2941: checking for C compiler default output file name
configure:2943: result: a.out
configure:2949: checking for suffix of executables
configure:2956: gcc -o conftest    conftest.c  >&5
configure:2960: $? = 0
configure:2982: result: 
configure:3004: checking whether we are cross compiling
configure:3012: gcc -o conftest    conftest.c  >&5
configure:3016: $? = 0
configure:3023: ./conftest
configure:3027: $? = 0
configure:3015: result: no
configure:3020: checking for suffix of object files
configure:3042: gcc -c   conftest.c >&5
configure:3046: $? = 0
configure:3067: result: o
configure:3071: checking whether we are using the GNU C compiler
configure:3090: gcc -c   conftest.c >&5
configure:3090: $? = 0
configure:3099: result: yes
configure:3108: checking whether gcc accepts -g
configure:3128: gcc -c -g  conftest.c >&5
configure:3128: $? = 0
configure:3169: result: yes
configure:3186: checking for gcc option to accept ISO C89
configure:3249: gcc  -c -g -O2  conftest.c >&5
configure:3249: $? = 0
configure:3262: result: none needed
configure:3287: checking whether gcc understands -c and -o together
configure:3309: gcc -c conftest.c -o conftest2.o
configure:3312: $? = 0
configure:3309: gcc -c conftest.c -o conftest2.o
configure:3312: $? = 0
configure:3324: result: yes
configure:3341: checking for a sed that does not truncate output
configure:3405: result: /usr/bin/sed
configure:3423: checking for grep that handles long lines and -e
configure:3481: result: /usr/bin/grep
configure:3486: checking for egrep
configure:3548: result: /usr/bin/grep -E
configure:3553: checking for fgrep
configure:3615: result: /usr/bin/grep -F
configure:3650: checking for ld used by gcc
configure:3717: result: /usr/bin/ld
configure:3724: checking if the linker (/usr/bin/ld) is GNU ld
configure:3739: result: yes
configure:3751: checking for BSD- or MS-compatible name lister (nm)
configure:3800: result: /usr/bin/nm -B
configure:3918: checking the name lister (/usr/bin/nm -B) interface
configure:3956: gcc -c -g -O2  conftest.c >&5
configure:3959: /usr/bin/nm -B "conftest.o"
configure:3962: output
0000000000000000 B some_variable
configure:3932: result: BSD nm
configure:3935: checking whether ln -s works
configure:3939: result: yes
configure:3947: checking the maximum length of command line arguments
configure:4073: result: 1572864
configure:4090: checking whether the shell understands some XSI constructs
configure:4099: result: yes
configure:4103: checking whether the shell understands "+="
configure:4107: result: yes
configure:4142: checking for /usr/bin/ld option to reload object files
configure:4149: result: -r
configure:4218: checking for objdump
configure:4234: found /usr/bin/objdump
configure:4245: result: objdump
configure:4274: checking how to recognize dependent libraries
configure:4472: result: pass_all
configure:4532: checking for ar
configure:4548: found /usr/bin/ar
configure:4559: result: ar
configure:4637: checking for strip
configure:4653: found /usr/bin/strip
configure:4664: result: strip
configure:4736: checking for ranlib
configure:4752: found /usr/bin/ranlib
configure:4763: result: ranlib
configure:4853: checking command to parse /usr/bin/nm -B output from gcc object
configure:4971: gcc -c -g -O2  conftest.c >&5
configure:4974: $? = 0
configure:4978: /usr/bin/nm -B conftest.o \| sed -n -e 's/^.*[	 ]\([ABCDGIRSTW][ABCDGIRSTW]*\)[	 ][	 ]*\([_A-Za-z][_A-Za-z0-9]*\)$/\1 \2 \2/p' \> conftest.nm
configure:4981: $? = 0
configure:5035: gcc -o conftest -g -O2   conftest.c conftstm.o >&5
configure:5038: $? = 0
configure:5076: result: ok
configure:5172: gcc -c -g -O2  conftest.c >&5
configure:5175: $? = 0
configure:5888: checking how to run the C preprocessor
configure:5919: gcc -E  conftest.c
configure:5919: $? = 0
configure:5933: gcc -E  conftest.c
conftest.c:9:10: fatal error: ac_nonexistent.h: No such file or directory
 #include <ac_nonexistent.h>
          ^~~~~~~~~~~~~~~~~~
compilation terminated.
configure:5933: $? = 1
configure: failed program was:
| /* confdefs.h */
| #define PACKAGE_NAME ""
| #define PACKAGE_TARNAME ""
| #define PACKAGE_VERSION ""
| #define PACKAGE_STRING ""
| #define PACKAGE_BUGREPORT ""
| #define PACKAGE_URL ""
| /* end confdefs.h.  */
| #include <ac_nonexistent.h>
configure:5958: result: gcc -E
configure:5978: gcc -E  conftest.c
configure:5978: $? = 0
configure:5992: gcc -E  conftest.c
conftest.c:9:10: fatal error: ac_nonexistent.h: No such file or directory
 #include <ac_nonexistent.h>
          ^~~~~~~~~~~~~~~~~~
compilation terminated.
configure:5992: $? = 1
configure: failed program was:
| /* confdefs.h */
| #define PACKAGE_NAME ""
| #define PACKAGE_TARNAME ""
| #define PACKAGE_VERSION ""
| #define PACKAGE_STRING ""
| #define PACKAGE_BUGREPORT ""
| #define PACKAGE_URL ""
| /* end confdefs.h.  */
| #include <ac_nonexistent.h>
configure:6021: checking for ANSI C header files
configure:6041: gcc -c -g -O2  conftest.c >&5
configure:6041: $? = 0
configure:6114: gcc -o conftest -g -O2   conftest.c  >&5
configure:6114: $? = 0
configure:6114: ./conftest
configure:6114: $? = 0
configure:6125: result: yes
configure:6138: checking for sys/types.h
configure:6138: gcc -c -g -O2  conftest.c >&5
configure:6138: $? = 0
configure:6138: result: yes
configure:6138: checking for sys/stat.h
configure:6138: gcc -c -g -O2  conftest.c >&5
configure:6138: $? = 0
configure:6138: result: yes
configure:6138: checking for stdlib.h
configure:6138: gcc -c -g -O2  conftest.c >&5
configure:6138: $? = 0
configure:6138: result: yes
configure:6138: checking for string.h
configure:6138: gcc -c -g -O2  conftest.c >&5
configure:6138: $? = 0
configure:6138: result: yes
configure:6138: checking for memory.h
configure:6138: gcc -c -g -O2  conftest.c >&5
configure:6138: $? = 0
configure:6138: result: yes
configure:6138: checking for strings.h
configure:6138: gcc -c -g -O2  conftest.c >&5
configure:6138: $? = 0
configure:6138: result: yes
configure:6138: checking for inttypes.h
configure:6138: gcc -c -g -O2  conftest.c >&5
configure:6138: $? = 0
configure:6138: result: yes
configure:6138: checking for stdint.h
configure:6138: gcc -c -g -O2  conftest.c >&5
configure:6138: $? = 0
configure:6138: result: yes
configure:6138: checking for unistd.h
configure:6138: gcc -c -g -O2  conftest.c >&5
configure:6138: $? = 0
configure:6138: result: yes
configure:6152: checking for dlfcn.h
configure:6152: gcc -c -g -O2  conftest.c >&5
configure:6152: $? = 0
configure:6152: result: yes
configure:6634: checking for objdir
configure:6649: result: .libs
configure:6945: checking if gcc supports -fno-rtti -fno-exceptions
configure:7003: gcc -c -g -O2  -fno-rtti -fno-exceptions conftest.c >&5
cc1: warning: command line option '-fno-rtti' is valid for C++/ObjC++ but not for C
configure:7007: $? = 0
configure:6980: result: no
configure:7000: checking for gcc option to produce PIC
configure:7272: result: -fPIC -DPIC
configure:7284: checking if gcc PIC flag -fPIC -DPIC works
configure:7342: gcc -c -g -O2  -fPIC -DPIC -DPIC conftest.c >&5
configure:7346: $? = 0
configure:7319: result: yes
configure:7343: checking if gcc static flag -static works
configure:7371: result: yes
configure:7386: checking if gcc supports -c -o file.o
configure:7447: gcc -c -g -O2  -o out/conftest2.o conftest.c >&5
configure:7451: $? = 0
configure:7433: result: yes
configure:7441: checking if gcc supports -c -o file.o
configure:7488: result: yes
configure:7521: checking whether the gcc linker (/usr/bin/ld -m elf_x86_64) supports shared libraries
configure:8507: result: yes
configure:8544: checking whether -lc should be explicitly linked in
configure:8549: gcc -c -g -O2  conftest.c >&5
configure:8552: $? = 0
configure:8567: gcc -shared conftest.o  -v -Wl,-soname -Wl,conftest -o conftest 2\>\&1 \| /usr/bin/grep  -lc  \>/dev/null 2\>\&1
configure:8570: $? = 0
configure:8582: result: no
configure:8746: checking dynamic linker characteristics
configure:9181: gcc -o conftest -g -O2   -Wl,-rpath -Wl,/foo conftest.c  >&5
configure:9181: $? = 0
configure:9399: result: GNU/Linux ld.so
configure:9501: checking how to hardcode library paths into programs
configure:9526: result: immediate
configure:10046: checking whether stripping libraries is possible
configure:10051: result: yes
configure:10086: checking if libtool supports shared libraries
configure:10088: result: yes
configure:10091: checking whether to build shared libraries
configure:10112: result: yes
configure:10115: checking whether to build static libraries
configure:10119: result: yes
configure:7466: checking for a BSD-compatible install
configure:7534: result: /usr/bin/install -c
configure:7545: checking whether build environment is sane
configure:7600: result: yes
configure:7746: checking for a thread-safe mkdir -p
configure:7785: result: /usr/bin/mkdir -p
configure:7792: checking for gawk
configure:7822: result: no
configure:7792: checking for mawk
configure:7808: found /usr/bin/mawk
configure:7819: result: mawk
configure:7830: checking whether make sets $(MAKE)
configure:7852: result: yes
configure:7874: checking whether make supports the include directive
configure:7889: make -f confmf.GNU && cat confinc.out
this is the am__doit target
configure:7892: $? = 0
configure:7911: result: yes (GNU style)
configure:7944: checking whether make supports nested variables
configure:7961: result: yes
configure:8047: checking dependency style of gcc
configure:8158: result: gcc3
configure:8266: checking for gcc
configure:8293: result: gcc
configure:8522: checking for C compiler version
configure:8531: gcc --version >&5
gcc (Debian 8.3.0-6) 8.3.0
Copyright (C) 2018 Free Software Foundation, Inc.
This is free software; see the source for copying conditions.  There is NO
warranty; not even for MERCHANTABILITY or FITNESS FOR A PARTICULAR PURPOSE.

configure:8542: $? = 0
configure:8531: gcc -v >&5
Using built-in specs.
COLLECT_GCC=gcc
COLLECT_LTO_WRAPPER=/usr/lib/gcc/x86_64-linux-gnu/8/lto-wrapper
OFFLOAD_TARGET_NAMES=nvptx-none
OFFLOAD_TARGET_DEFAULT=1
Target: x86_64-linux-gnu
Configured with: ../src/configure -v --with-pkgversion='Debian 8.3.0-6' --with-bugurl=file:///usr/share/doc/gcc-8/README.Bugs --enable-languages=c,ada,c++,go,brig,d,fortran,objc,obj-c++ --prefix=/usr --with-gcc-major-version-only --program-suffix=-8 --program-prefix=x86_64-linux-gnu- --enable-shared --enable-linker-build-id --libexecdir=/usr/lib --without-included-gettext --enable-threads=posix --libdir=/usr/lib --enable-nls --enable-bootstrap --enable-clocale=gnu --enable-libstdcxx-debug --enable-libstdcxx-time=yes --with-default-libstdcxx-abi=new --enable-gnu-unique-object --disable-vtable-verify --enable-libmpx --enable-plugin --enable-default-pie --with-system-zlib --with-target-system-zlib --enable-objc-gc=auto --enable-multiarch --disable-werror --with-arch-32=i686 --with-abi=m64 --with-multilib-list=m32,m64,mx32 --enable-multilib --with-tune=generic --enable-offload-targets=nvptx-none --without-cuda-driver --enable-checking=release --build=x86_64-linux-gnu --host=x86_64-linux-gnu --target=x86_64-linux-gnu
Thread model: posix
gcc version 8.3.0 (Debian 8.3.0-6) 
configure:8542: $? = 0
configure:8531: gcc -V >&5
gcc: error: unrecognized command line option '-V'
gcc: fatal error: no input files
compilation terminated.
configure:8542: $? = 1
configure:8531: gcc -qversion >&5
gcc: error: unrecognized command line option '-qversion'; did you mean '--version'?
gcc: fatal error: no input files
compilation terminated.
configure:8542: $? = 1
configure:8546: checking whether we are using the GNU C compiler
configure:8574: result: yes
configure:8583: checking whether gcc accepts -g
configure:8644: result: yes
configure:8661: checking for gcc option to accept ISO C89
configure:8737: result: none needed
configure:8762: checking whether gcc understands -c and -o together
configure:8799: result: yes
configure:8817: checking whether make sets $(MAKE)
configure:8839: result: yes
configure:8857: checking for windres
configure:8887: result: no
configure:8857: checking for linux-gnu-windres
configure:8887: result: no
configure:8900: checking for size_t
configure:8900: gcc -c -g -O2  conftest.c >&5
configure:8900: $? = 0
configure:8900: gcc -c -g -O2  conftest.c >&5
conftest.c: In function 'main':
conftest.c:59:21: error: expected expression before ')' token
 if (sizeof ((size_t)))
                     ^
configure:8900: $? = 1
configure: failed program was:
| /* confdefs.h */
| #define PACKAGE_NAME ""
| #define PACKAGE_TARNAME ""
| #define PACKAGE_VERSION ""
| #define PACKAGE_STRING ""
| #define PACKAGE_BUGREPORT ""
| #define PACKAGE_URL ""
| #define STDC_HEADERS 1
| #define HAVE_SYS_TYPES_H 1
| #define HAVE_SYS_STAT_H 1
| #define HAVE_STDLIB_H 1
| #define HAVE_STRING_H 1
| #define HAVE_MEMORY_H 1
| #define HAVE_STRINGS_H 1
| #define HAVE_INTTYPES_H 1
| #define HAVE_STDINT_H 1
| #define HAVE_UNISTD_H 1
| #define HAVE_DLFCN_H 1
| #define LT_OBJDIR ".libs/"
| #define PACKAGE "SDL2_ttf"
| #define VERSION "2.0.15"
| /* end confdefs.h.  */
| #include <stdio.h>
| #ifdef HAVE_SYS_TYPES_H
| # include <sys/types.h>
| #endif
| #ifdef HAVE_SYS_STAT_H
| # include <sys/stat.h>
| #endif
| #ifdef STDC_HEADERS
| # include <stdlib.h>
| # include <stddef.h>
| #else
| # ifdef HAVE_STDLIB_H
| #  include <stdlib.h>
| # endif
| #endif
| #ifdef HAVE_STRING_H
| # if !defined STDC_HEADERS && defined HAVE_MEMORY_H
| #  include <memory.h>
| # endif
| # include <string.h>
| #endif
| #ifdef HAVE_STRINGS_H
| # include <strings.h>
| #endif
| #ifdef HAVE_INTTYPES_H
| # include <inttypes.h>
| #endif
| #ifdef HAVE_STDINT_H
| # include <stdint.h>
| #endif
| #ifdef HAVE_UNISTD_H
| # include <unistd.h>
| #endif
| int
| main ()
| {
| if (sizeof ((size_t)))
| 	    return 0;
|   ;
|   return 0;
| }
configure:8900: result: yes
configure:8913: checking for working alloca.h
configure:8930: gcc -o conftest -g -O2   conftest.c  >&5
configure:8930: $? = 0
configure:8938: result: yes
configure:8946: checking for alloca
configure:8983: gcc -o conftest -g -O2   conftest.c  >&5
configure:8983: $? = 0
configure:8991: result: yes
configure:9178: checking for pkg-config
configure:9196: found /usr/bin/pkg-config
configure:9208: result: /usr/bin/pkg-config
configure:9233: checking pkg-config is at least version 0.9.0
configure:9236: result: yes
configure:9247: checking for FT2
configure:9255: $PKG_CONFIG --exists --print-errors "freetype2 >= 7.0.1"
configure:9258: $? = 0
configure:9273: $PKG_CONFIG --exists --print-errors "freetype2 >= 7.0.1"
configure:9276: $? = 0
configure:9926: result: yes
configure:9964: checking for SDL
configure:9972: $PKG_CONFIG --exists --print-errors "sdl2 >= $min_sdl_version"
configure:9975: $? = 0
configure:9990: $PKG_CONFIG --exists --print-errors "sdl2 >= $min_sdl_version"
configure:9993: $? = 0
configure:10029: result: yes
configure:10300: checking for X
configure:10408: gcc -E  conftest.c
configure:10408: $? = 0
configure:10439: gcc -o conftest -g -O2 -I/usr/include/freetype2 -I/usr/include/libpng16 -D_REENTRANT -I/usr/local/include/SDL2   conftest.c -lX11  -lfreetype -L/usr/local/lib -Wl,-rpath,/usr/local/lib -Wl,--enable-new-dtags -lSDL2 >&5
configure:10439: $? = 0
configure:10489: result: libraries , headers 
configure:10588: gcc -o conftest -g -O2 -I/usr/include/freetype2 -I/usr/include/libpng16 -D_REENTRANT -I/usr/local/include/SDL2   conftest.c  -lfreetype -L/usr/local/lib -Wl,-rpath,/usr/local/lib -Wl,--enable-new-dtags -lSDL2  -lX11 >&5
configure:10588: $? = 0
configure:10686: checking for gethostbyname
configure:10686: gcc -o conftest -g -O2 -I/usr/include/freetype2 -I/usr/include/libpng16 -D_REENTRANT -I/usr/local/include/SDL2   conftest.c  -lfreetype -L/usr/local/lib -Wl,-rpath,/usr/local/lib -Wl,--enable-new-dtags -lSDL2 >&5
configure:10686: $? = 0
configure:10686: result: yes
configure:10783: checking for connect
configure:10783: gcc -o conftest -g -O2 -I/usr/include/freetype2 -I/usr/include/libpng16 -D_REENTRANT -I/usr/local/include/SDL2   conftest.c  -lfreetype -L/usr/local/lib -Wl,-rpath,/usr/local/lib -Wl,--enable-new-dtags -lSDL2 >&5
configure:10783: $? = 0
configure:10783: result: yes
configure:10832: checking for remove
configure:10832: gcc -o conftest -g -O2 -I/usr/include/freetype2 -I/usr/include/libpng16 -D_REENTRANT -I/usr/local/include/SDL2   conftest.c  -lfreetype -L/usr/local/lib -Wl,-rpath,/usr/local/lib -Wl,--enable-new-dtags -lSDL2 >&5
configure:10832: $? = 0
configure:10832: result: yes
configure:10881: checking for shmat
configure:10881: gcc -o conftest -g -O2 -I/usr/include/freetype2 -I/usr/include/libpng16 -D_REENTRANT -I/usr/local/include/SDL2   conftest.c  -lfreetype -L/usr/local/lib -Wl,-rpath,/usr/local/lib -Wl,--enable-new-dtags -lSDL2 >&5
configure:10881: $? = 0
configure:10881: result: yes
configure:10939: checking for IceConnectionNumber in -lICE
configure:10964: gcc -o conftest -g -O2 -I/usr/include/freetype2 -I/usr/include/libpng16 -D_REENTRANT -I/usr/local/include/SDL2   conftest.c -lICE   -lfreetype -L/usr/local/lib -Wl,-rpath,/usr/local/lib -Wl,--enable-new-dtags -lSDL2 >&5
configure:10964: $? = 0
configure:10973: result: yes
configure:10991: checking for OpenGL support
configure:11011: gcc -o conftest -g -O2 -I/usr/include/freetype2 -I/usr/include/libpng16 -D_REENTRANT -I/usr/local/include/SDL2    conftest.c  -lfreetype -L/usr/local/lib -Wl,-rpath,/usr/local/lib -Wl,--enable-new-dtags -lSDL2  -lGL >&5
configure:11011: $? = 0
configure:11018: result: yes
configure:11171: checking that generated files are newer than configure
configure:11177: result: done
configure:11204: creating ./config.status

## ---------------------- ##
## Running config.status. ##
## ---------------------- ##

This file was extended by config.status, which was
generated by GNU Autoconf 2.69.  Invocation command line was

  CONFIG_FILES    = 
  CONFIG_HEADERS  = 
  CONFIG_LINKS    = 
  CONFIG_COMMANDS = 
  $ ./config.status 

on debian

config.status:1017: creating Makefile
config.status:1017: creating SDL2_ttf.spec
config.status:1017: creating SDL2_ttf.pc
config.status:1189: executing libtool commands
config.status:1189: executing depfiles commands
config.status:1907: cd .       && sed -e '/# am--include-marker/d' Makefile         | make -f - am--depfiles
make: Nothing to be done for 'am--depfiles'.
config.status:1912: $? = 0

## ---------------- ##
## Cache variables. ##
## ---------------- ##

ac_cv_build=x86_64-pc-linux-gnu
ac_cv_c_compiler_gnu=yes
ac_cv_env_CC_set=
ac_cv_env_CC_value=
ac_cv_env_CFLAGS_set=
ac_cv_env_CFLAGS_value=
ac_cv_env_CPPFLAGS_set=
ac_cv_env_CPPFLAGS_value=
ac_cv_env_CPP_set=
ac_cv_env_CPP_value=
ac_cv_env_FT2_CFLAGS_set=
ac_cv_env_FT2_CFLAGS_value=
ac_cv_env_FT2_LIBS_set=
ac_cv_env_FT2_LIBS_value=
ac_cv_env_LDFLAGS_set=
ac_cv_env_LDFLAGS_value=
ac_cv_env_LIBS_set=
ac_cv_env_LIBS_value=
ac_cv_env_PKG_CONFIG_set=
ac_cv_env_PKG_CONFIG_value=
ac_cv_env_SDL_CFLAGS_set=
ac_cv_env_SDL_CFLAGS_value=
ac_cv_env_SDL_LIBS_set=
ac_cv_env_SDL_LIBS_value=
ac_cv_env_XMKMF_set=
ac_cv_env_XMKMF_value=
ac_cv_env_build_alias_set=
ac_cv_env_build_alias_value=
ac_cv_env_host_alias_set=
ac_cv_env_host_alias_value=
ac_cv_env_target_alias_set=
ac_cv_env_target_alias_value=
ac_cv_func_alloca_works=yes
ac_cv_func_connect=yes
ac_cv_func_gethostbyname=yes
ac_cv_func_remove=yes
ac_cv_func_shmat=yes
ac_cv_have_x='have_x=yes	ac_x_includes='\'''\''	ac_x_libraries='\'''\'''
ac_cv_header_dlfcn_h=yes
ac_cv_header_inttypes_h=yes
ac_cv_header_memory_h=yes
ac_cv_header_stdc=yes
ac_cv_header_stdint_h=yes
ac_cv_header_stdlib_h=yes
ac_cv_header_string_h=yes
ac_cv_header_strings_h=yes
ac_cv_header_sys_stat_h=yes
ac_cv_header_sys_types_h=yes
ac_cv_header_unistd_h=yes
ac_cv_host=x86_64-pc-linux-gnu
ac_cv_lib_ICE_IceConnectionNumber=yes
ac_cv_objext=o
ac_cv_path_EGREP='/usr/bin/grep -E'
ac_cv_path_FGREP='/usr/bin/grep -F'
ac_cv_path_GREP=/usr/bin/grep
ac_cv_path_SED=/usr/bin/sed
ac_cv_path_ac_pt_PKG_CONFIG=/usr/bin/pkg-config
ac_cv_path_install='/usr/bin/install -c'
ac_cv_path_mkdir=/usr/bin/mkdir
ac_cv_prog_AWK=mawk
ac_cv_prog_CPP='gcc -E'
ac_cv_prog_ac_ct_AR=ar
ac_cv_prog_ac_ct_CC=gcc
ac_cv_prog_ac_ct_OBJDUMP=objdump
ac_cv_prog_ac_ct_RANLIB=ranlib
ac_cv_prog_ac_ct_STRIP=strip
ac_cv_prog_cc_c89=
ac_cv_prog_cc_g=yes
ac_cv_prog_make_make_set=yes
ac_cv_type_size_t=yes
ac_cv_working_alloca_h=yes
am_cv_CC_dependencies_compiler_type=gcc3
am_cv_make_support_nested_variables=yes
am_cv_prog_cc_c_o=yes
lt_cv_deplibs_check_method=pass_all
lt_cv_file_magic_cmd='$MAGIC_CMD'
lt_cv_file_magic_test_file=
lt_cv_ld_reload_flag=-r
lt_cv_nm_interface='BSD nm'
lt_cv_objdir=.libs
lt_cv_path_LD=/usr/bin/ld
lt_cv_path_NM='/usr/bin/nm -B'
lt_cv_prog_compiler_c_o=yes
lt_cv_prog_compiler_pic_works=yes
lt_cv_prog_compiler_rtti_exceptions=no
lt_cv_prog_compiler_static_works=yes
lt_cv_prog_gnu_ld=yes
lt_cv_sys_global_symbol_pipe='sed -n -e '\''s/^.*[	 ]\([ABCDGIRSTW][ABCDGIRSTW]*\)[	 ][	 ]*\([_A-Za-z][_A-Za-z0-9]*\)$/\1 \2 \2/p'\'''
lt_cv_sys_global_symbol_to_c_name_address='sed -n -e '\''s/^: \([^ ]*\) $/  {\"\1\", (void *) 0},/p'\'' -e '\''s/^[ABCDGIRSTW]* \([^ ]*\) \([^ ]*\)$/  {"\2", (void *) \&\2},/p'\'''
lt_cv_sys_global_symbol_to_c_name_address_lib_prefix='sed -n -e '\''s/^: \([^ ]*\) $/  {\"\1\", (void *) 0},/p'\'' -e '\''s/^[ABCDGIRSTW]* \([^ ]*\) \(lib[^ ]*\)$/  {"\2", (void *) \&\2},/p'\'' -e '\''s/^[ABCDGIRSTW]* \([^ ]*\) \([^ ]*\)$/  {"lib\2", (void *) \&\2},/p'\'''
lt_cv_sys_global_symbol_to_cdecl='sed -n -e '\''s/^T .* \(.*\)$/extern int \1();/p'\'' -e '\''s/^[ABCDGIRSTW]* .* \(.*\)$/extern char \1;/p'\'''
lt_cv_sys_max_cmd_len=1572864
pkg_cv_FT2_CFLAGS='-I/usr/include/freetype2 -I/usr/include/libpng16'
pkg_cv_FT2_LIBS=-lfreetype
pkg_cv_SDL_CFLAGS='-D_REENTRANT -I/usr/local/include/SDL2'
pkg_cv_SDL_LIBS='-L/usr/local/lib -Wl,-rpath,/usr/local/lib -Wl,--enable-new-dtags -lSDL2'

## ----------------- ##
## Output variables. ##
## ----------------- ##

ACLOCAL='${SHELL} /home/pp/Projets/doum/SDL2_ttf/missing aclocal-1.16'
ALLOCA=''
AMDEPBACKSLASH='\'
AMDEP_FALSE='#'
AMDEP_TRUE=''
AMTAR='$${TAR-tar}'
AM_BACKSLASH='\'
AM_DEFAULT_V='$(AM_DEFAULT_VERBOSITY)'
AM_DEFAULT_VERBOSITY='1'
AM_V='$(V)'
AR='ar'
AS='as'
AUTOCONF='${SHELL} /home/pp/Projets/doum/SDL2_ttf/missing autoconf'
AUTOHEADER='${SHELL} /home/pp/Projets/doum/SDL2_ttf/missing autoheader'
AUTOMAKE='${SHELL} /home/pp/Projets/doum/SDL2_ttf/missing automake-1.16'
AWK='mawk'
BINARY_AGE='15'
CC='gcc'
CCDEPMODE='depmode=gcc3'
CFLAGS='-g -O2 -I/usr/include/freetype2 -I/usr/include/libpng16 -D_REENTRANT -I/usr/local/include/SDL2  -DHAVE_OPENGL'
CPP='gcc -E'
CPPFLAGS=''
CYGPATH_W='echo'
DEFS='-DPACKAGE_NAME=\"\" -DPACKAGE_TARNAME=\"\" -DPACKAGE_VERSION=\"\" -DPACKAGE_STRING=\"\" -DPACKAGE_BUGREPORT=\"\" -DPACKAGE_URL=\"\" -DSTDC_HEADERS=1 -DHAVE_SYS_TYPES_H=1 -DHAVE_SYS_STAT_H=1 -DHAVE_STDLIB_H=1 -DHAVE_STRING_H=1 -DHAVE_MEMORY_H=1 -DHAVE_STRINGS_H=1 -DHAVE_INTTYPES_H=1 -DHAVE_STDINT_H=1 -DHAVE_UNISTD_H=1 -DHAVE_DLFCN_H=1 -DLT_OBJDIR=\".libs/\" -DPACKAGE=\"SDL2_ttf\" -DVERSION=\"2.0.15\" -DHAVE_ALLOCA_H=1 -DHAVE_ALLOCA=1'
DEPDIR='.deps'
DLLTOOL='dlltool'
DSYMUTIL=''
DUMPBIN=''
ECHO_C=''
ECHO_N='-n'
ECHO_T=''
EGREP='/usr/bin/grep -E'
EXEEXT=''
FGREP='/usr/bin/grep -F'
FT2_CFLAGS='-I/usr/include/freetype2 -I/usr/include/libpng16'
FT2_CONFIG=''
FT2_LIBS='-lfreetype'
GL_LIBS=' -lGL'
GREP='/usr/bin/grep'
INSTALL_DATA='${INSTALL} -m 644'
INSTALL_PROGRAM='${INSTALL}'
INSTALL_SCRIPT='${INSTALL}'
INSTALL_STRIP_PROGRAM='$(install_sh) -c -s'
INTERFACE_AGE='1'
LD='/usr/bin/ld -m elf_x86_64'
LDFLAGS=''
LIBOBJS=''
LIBS=' -lfreetype -L/usr/local/lib -Wl,-rpath,/usr/local/lib -Wl,--enable-new-dtags -lSDL2'
LIBTOOL='$(SHELL) $(top_builddir)/libtool'
LIPO=''
LN_S='ln -s'
LTLIBOBJS=''
LT_AGE='14'
LT_CURRENT='14'
LT_RELEASE='2.0'
LT_REVISION='1'
MAJOR_VERSION='2'
MAKEINFO='${SHELL} /home/pp/Projets/doum/SDL2_ttf/missing makeinfo'
MATHLIB='-lm'
MICRO_VERSION='15'
MINOR_VERSION='0'
MKDIR_P='/usr/bin/mkdir -p'
NM='/usr/bin/nm -B'
NMEDIT=''
OBJDUMP='objdump'
OBJEXT='o'
OTOOL64=''
OTOOL=''
PACKAGE='SDL2_ttf'
PACKAGE_BUGREPORT=''
PACKAGE_NAME=''
PACKAGE_STRING=''
PACKAGE_TARNAME=''
PACKAGE_URL=''
PACKAGE_VERSION=''
PATH_SEPARATOR=':'
PKG_CONFIG='/usr/bin/pkg-config'
RANLIB='ranlib'
SDL2_CONFIG='pkg-config sdl2'
SDL_CFLAGS='-D_REENTRANT -I/usr/local/include/SDL2'
SDL_LIBS='-L/usr/local/lib -Wl,-rpath,/usr/local/lib -Wl,--enable-new-dtags -lSDL2'
SDL_VERSION='2.0.8'
SED='/usr/bin/sed'
SET_MAKE=''
SHELL='/bin/bash'
STRIP='strip'
USE_VERSION_RC_FALSE=''
USE_VERSION_RC_TRUE='#'
VERSION='2.0.15'
WINDRES=''
XMKMF=''
X_CFLAGS=''
X_EXTRA_LIBS=''
X_LIBS=''
X_PRE_LIBS=' -lSM -lICE'
ac_ct_CC='gcc'
ac_ct_DUMPBIN=''
am__EXEEXT_FALSE=''
am__EXEEXT_TRUE='#'
am__fastdepCC_FALSE='#'
am__fastdepCC_TRUE=''
am__include='include'
am__isrc=''
am__leading_dot='.'
am__nodep='_no'
am__quote=''
am__tar='$${TAR-tar} chof - "$$tardir"'
am__untar='$${TAR-tar} xf -'
bindir='${exec_prefix}/bin'
build='x86_64-pc-linux-gnu'
build_alias=''
build_cpu='x86_64'
build_os='linux-gnu'
build_vendor='pc'
datadir='${datarootdir}'
datarootdir='${prefix}/share'
docdir='${datarootdir}/doc/${PACKAGE}'
dvidir='${docdir}'
exec_prefix='${prefix}'
host='x86_64-pc-linux-gnu'
host_alias=''
host_cpu='x86_64'
host_os='linux-gnu'
host_vendor='pc'
htmldir='${docdir}'
includedir='${prefix}/include'
infodir='${datarootdir}/info'
install_sh='${SHELL} /home/pp/Projets/doum/SDL2_ttf/install-sh'
libdir='${exec_prefix}/lib'
libexecdir='${exec_prefix}/libexec'
localedir='${datarootdir}/locale'
localstatedir='${prefix}/var'
lt_ECHO='echo'
mandir='${datarootdir}/man'
mkdir_p='$(MKDIR_P)'
oldincludedir='/usr/include'
pdfdir='${docdir}'
prefix='/usr/local'
program_transform_name='s,x,x,'
psdir='${docdir}'
runstatedir='${localstatedir}/run'
sbindir='${exec_prefix}/sbin'
sharedstatedir='${prefix}/com'
sysconfdir='${prefix}/etc'
target_alias=''

## ----------- ##
## confdefs.h. ##
## ----------- ##

/* confdefs.h */
#define PACKAGE_NAME ""
#define PACKAGE_TARNAME ""
#define PACKAGE_VERSION ""
#define PACKAGE_STRING ""
#define PACKAGE_BUGREPORT ""
#define PACKAGE_URL ""
#define STDC_HEADERS 1
#define HAVE_SYS_TYPES_H 1
#define HAVE_SYS_STAT_H 1
#define HAVE_STDLIB_H 1
#define HAVE_STRING_H 1
#define HAVE_MEMORY_H 1
#define HAVE_STRINGS_H 1
#define HAVE_INTTYPES_H 1
#define HAVE_STDINT_H 1
#define HAVE_UNISTD_H 1
#define HAVE_DLFCN_H 1
#define LT_OBJDIR ".libs/"
#define PACKAGE "SDL2_ttf"
#define VERSION "2.0.15"
#define HAVE_ALLOCA_H 1
#define HAVE_ALLOCA 1

configure: exit 0
