This file contains any messages produced by compilers while
running configure, to aid debugging if configure makes a mistake.

It was created by configure, which was
generated by GNU Autoconf 2.69.  Invocation command line was

  $ ./configure 

## --------- ##
## Platform. ##
## --------- ##

hostname = e2r2p10.42.fr
uname -m = x86_64
uname -r = 18.6.0
uname -s = Darwin
uname -v = Darwin Kernel Version 18.6.0: Thu Apr 25 23:16:27 PDT 2019; root:xnu-4903.261.4~2/RELEASE_X86_64

/usr/bin/uname -p = i386
/bin/uname -X     = unknown

/bin/arch              = unknown
/usr/bin/arch -k       = unknown
/usr/convex/getsysinfo = unknown
/usr/bin/hostinfo      = Mach kernel version:
	 Darwin Kernel Version 18.6.0: Thu Apr 25 23:16:27 PDT 2019; root:xnu-4903.261.4~2/RELEASE_X86_64
Kernel configured for up to 4 processors.
4 processors are physically available.
4 processors are logically available.
Processor type: i486 (Intel 80486)
Processors active: 0 1 2 3
Primary memory available: 8.00 gigabytes
Default processor set: 314 tasks, 1237 threads, 4 processors
Load average: 1.10, Mach factor: 2.89
/bin/machine           = unknown
/usr/bin/oslevel       = unknown
/bin/universe          = unknown

PATH: /Users/ppetitea/.brew/bin
PATH: /Users/ppetitea/.brew/bin
PATH: /usr/bin
PATH: /bin
PATH: /usr/sbin
PATH: /sbin
PATH: /usr/local/bin
PATH: /Library/Frameworks/Mono.framework/Versions/Current/Commands
PATH: /usr/local/munki


## ----------- ##
## Core tests. ##
## ----------- ##

configure:2484: checking build system type
configure:2498: result: x86_64-apple-darwin18.6.0
configure:2518: checking host system type
configure:2531: result: x86_64-apple-darwin18.6.0
configure:2599: checking for gcc
configure:2615: found /usr/bin/gcc
configure:2626: result: gcc
configure:2855: checking for C compiler version
configure:2864: gcc --version >&5
Apple LLVM version 10.0.1 (clang-1001.0.46.4)
Target: x86_64-apple-darwin18.6.0
Thread model: posix
InstalledDir: /Applications/Xcode.app/Contents/Developer/Toolchains/XcodeDefault.xctoolchain/usr/bin
Configured with: --prefix=/Applications/Xcode.app/Contents/Developer/usr --with-gxx-include-dir=/Applications/Xcode.app/Contents/Developer/Platforms/MacOSX.platform/Developer/SDKs/MacOSX10.14.sdk/usr/include/c++/4.2.1
configure:2875: $? = 0
configure:2864: gcc -v >&5
Configured with: --prefix=/Applications/Xcode.app/Contents/Developer/usr --with-gxx-include-dir=/Applications/Xcode.app/Contents/Developer/Platforms/MacOSX.platform/Developer/SDKs/MacOSX10.14.sdk/usr/include/c++/4.2.1
Apple LLVM version 10.0.1 (clang-1001.0.46.4)
Target: x86_64-apple-darwin18.6.0
Thread model: posix
InstalledDir: /Applications/Xcode.app/Contents/Developer/Toolchains/XcodeDefault.xctoolchain/usr/bin
configure:2875: $? = 0
configure:2864: gcc -V >&5
clang: error: unsupported option '-V -Wno-atomic-implicit-seq-cst'
clang: error: no input files
configure:2875: $? = 1
configure:2864: gcc -qversion >&5
clang: error: unknown argument '-qversion', did you mean '--version'?
clang: error: no input files
configure:2875: $? = 1
configure:2895: checking whether the C compiler works
configure:2917: gcc    conftest.c  >&5
configure:2921: $? = 0
configure:2969: result: yes
configure:2972: checking for C compiler default output file name
configure:2974: result: a.out
configure:2980: checking for suffix of executables
configure:2987: gcc -o conftest    conftest.c  >&5
configure:2991: $? = 0
configure:3013: result: 
configure:3035: checking whether we are cross compiling
configure:3043: gcc -o conftest    conftest.c  >&5
configure:3047: $? = 0
configure:3054: ./conftest
configure:3058: $? = 0
configure:3073: result: no
configure:3078: checking for suffix of object files
configure:3100: gcc -c   conftest.c >&5
configure:3104: $? = 0
configure:3125: result: o
configure:3129: checking whether we are using the GNU C compiler
configure:3148: gcc -c   conftest.c >&5
configure:3148: $? = 0
configure:3157: result: yes
configure:3166: checking whether gcc accepts -g
configure:3186: gcc -c -g  conftest.c >&5
configure:3186: $? = 0
configure:3227: result: yes
configure:3244: checking for gcc option to accept ISO C89
configure:3307: gcc  -c -g -O2  conftest.c >&5
configure:3307: $? = 0
configure:3320: result: none needed
configure:3340: checking for a sed that does not truncate output
configure:3404: result: /usr/bin/sed
configure:3422: checking for grep that handles long lines and -e
configure:3480: result: /usr/bin/grep
configure:3485: checking for egrep
configure:3547: result: /usr/bin/grep -E
configure:3552: checking for fgrep
configure:3614: result: /usr/bin/grep -F
configure:3649: checking for ld used by gcc
configure:3716: result: /Applications/Xcode.app/Contents/Developer/Toolchains/XcodeDefault.xctoolchain/usr/bin/ld
configure:3723: checking if the linker (/Applications/Xcode.app/Contents/Developer/Toolchains/XcodeDefault.xctoolchain/usr/bin/ld) is GNU ld
configure:3738: result: no
configure:3750: checking for BSD- or MS-compatible name lister (nm)
configure:3799: result: /usr/bin/nm -B
configure:3917: checking the name lister (/usr/bin/nm -B) interface
configure:3924: gcc -c -g -O2  conftest.c >&5
configure:3927: /usr/bin/nm -B "conftest.o"
configure:3930: output
00000000000001dc S _some_variable
configure:3937: result: BSD nm
configure:3940: checking whether ln -s works
configure:3944: result: yes
configure:3952: checking the maximum length of command line arguments
configure:4078: result: 196608
configure:4095: checking whether the shell understands some XSI constructs
configure:4105: result: yes
configure:4109: checking whether the shell understands "+="
configure:4115: result: yes
configure:4150: checking for /Applications/Xcode.app/Contents/Developer/Toolchains/XcodeDefault.xctoolchain/usr/bin/ld option to reload object files
configure:4157: result: -r
configure:4226: checking for objdump
configure:4242: found /usr/bin/objdump
configure:4253: result: objdump
configure:4282: checking how to recognize dependent libraries
configure:4480: result: pass_all
configure:4540: checking for ar
configure:4556: found /usr/bin/ar
configure:4567: result: ar
configure:4645: checking for strip
configure:4661: found /usr/bin/strip
configure:4672: result: strip
configure:4744: checking for ranlib
configure:4760: found /usr/bin/ranlib
configure:4771: result: ranlib
configure:4861: checking command to parse /usr/bin/nm -B output from gcc object
configure:4979: gcc -c -g -O2  conftest.c >&5
configure:4982: $? = 0
configure:4986: /usr/bin/nm -B conftest.o \| sed -n -e 's/^.*[	 ]\([BCDEGRST][BCDEGRST]*\)[	 ][	 ]*\([_A-Za-z][_A-Za-z0-9]*\)$/\1 \2 \2/p' \> conftest.nm
configure:4989: $? = 0
cannot find nm_test_var in conftest.nm
configure:4979: gcc -c -g -O2  conftest.c >&5
configure:4982: $? = 0
configure:4986: /usr/bin/nm -B conftest.o \| sed -n -e 's/^.*[	 ]\([BCDEGRST][BCDEGRST]*\)[	 ][	 ]*_\([_A-Za-z][_A-Za-z0-9]*\)$/\1 _\2 \2/p' \> conftest.nm
configure:4989: $? = 0
configure:5043: gcc -o conftest -g -O2   conftest.c conftstm.o >&5
warning: (x86_64)  could not find object file symbol for symbol _main
configure:5046: $? = 0
configure:5084: result: ok
configure:5349: checking for dsymutil
configure:5365: found /usr/bin/dsymutil
configure:5376: result: dsymutil
configure:5441: checking for nmedit
configure:5457: found /usr/bin/nmedit
configure:5468: result: nmedit
configure:5533: checking for lipo
configure:5549: found /usr/bin/lipo
configure:5560: result: lipo
configure:5625: checking for otool
configure:5641: found /usr/bin/otool
configure:5652: result: otool
configure:5717: checking for otool64
configure:5747: result: no
configure:5792: checking for -single_module linker flag
gcc -g -O2  -o libconftest.dylib -dynamiclib -Wl,-single_module conftest.c
configure:5819: result: yes
configure:5821: checking for -exported_symbols_list linker flag
configure:5841: gcc -o conftest -g -O2   -Wl,-exported_symbols_list,conftest.sym conftest.c  >&5
configure:5841: $? = 0
configure:5851: result: yes
configure:5893: checking how to run the C preprocessor
configure:5924: gcc -E  conftest.c
configure:5924: $? = 0
configure:5938: gcc -E  conftest.c
conftest.c:9:10: fatal error: 'ac_nonexistent.h' file not found
#include <ac_nonexistent.h>
         ^~~~~~~~~~~~~~~~~~
1 error generated.
configure:5938: $? = 1
configure: failed program was:
| /* confdefs.h */
| #define PACKAGE_NAME ""
| #define PACKAGE_TARNAME ""
| #define PACKAGE_VERSION ""
| #define PACKAGE_STRING ""
| #define PACKAGE_BUGREPORT ""
| #define PACKAGE_URL ""
| /* end confdefs.h.  */
| #include <ac_nonexistent.h>
configure:5963: result: gcc -E
configure:5983: gcc -E  conftest.c
configure:5983: $? = 0
configure:5997: gcc -E  conftest.c
conftest.c:9:10: fatal error: 'ac_nonexistent.h' file not found
#include <ac_nonexistent.h>
         ^~~~~~~~~~~~~~~~~~
1 error generated.
configure:5997: $? = 1
configure: failed program was:
| /* confdefs.h */
| #define PACKAGE_NAME ""
| #define PACKAGE_TARNAME ""
| #define PACKAGE_VERSION ""
| #define PACKAGE_STRING ""
| #define PACKAGE_BUGREPORT ""
| #define PACKAGE_URL ""
| /* end confdefs.h.  */
| #include <ac_nonexistent.h>
configure:6026: checking for ANSI C header files
configure:6046: gcc -c -g -O2  conftest.c >&5
configure:6046: $? = 0
configure:6119: gcc -o conftest -g -O2   conftest.c  >&5
configure:6119: $? = 0
configure:6119: ./conftest
configure:6119: $? = 0
configure:6130: result: yes
configure:6143: checking for sys/types.h
configure:6143: gcc -c -g -O2  conftest.c >&5
configure:6143: $? = 0
configure:6143: result: yes
configure:6143: checking for sys/stat.h
configure:6143: gcc -c -g -O2  conftest.c >&5
configure:6143: $? = 0
configure:6143: result: yes
configure:6143: checking for stdlib.h
configure:6143: gcc -c -g -O2  conftest.c >&5
configure:6143: $? = 0
configure:6143: result: yes
configure:6143: checking for string.h
configure:6143: gcc -c -g -O2  conftest.c >&5
configure:6143: $? = 0
configure:6143: result: yes
configure:6143: checking for memory.h
configure:6143: gcc -c -g -O2  conftest.c >&5
configure:6143: $? = 0
configure:6143: result: yes
configure:6143: checking for strings.h
configure:6143: gcc -c -g -O2  conftest.c >&5
configure:6143: $? = 0
configure:6143: result: yes
configure:6143: checking for inttypes.h
configure:6143: gcc -c -g -O2  conftest.c >&5
configure:6143: $? = 0
configure:6143: result: yes
configure:6143: checking for stdint.h
configure:6143: gcc -c -g -O2  conftest.c >&5
configure:6143: $? = 0
configure:6143: result: yes
configure:6143: checking for unistd.h
configure:6143: gcc -c -g -O2  conftest.c >&5
configure:6143: $? = 0
configure:6143: result: yes
configure:6157: checking for dlfcn.h
configure:6157: gcc -c -g -O2  conftest.c >&5
configure:6157: $? = 0
configure:6157: result: yes
configure:6639: checking for objdir
configure:6654: result: .libs
configure:6950: checking if gcc supports -fno-rtti -fno-exceptions
configure:6968: gcc -c -g -O2  -fno-rtti -fno-exceptions conftest.c >&5
configure:6972: $? = 0
configure:6985: result: yes
configure:7005: checking for gcc option to produce PIC
configure:7277: result: -fno-common -DPIC
configure:7289: checking if gcc PIC flag -fno-common -DPIC works
configure:7307: gcc -c -g -O2  -fno-common -DPIC -DPIC conftest.c >&5
configure:7311: $? = 0
configure:7324: result: yes
configure:7348: checking if gcc static flag -static works
configure:7376: result: no
configure:7391: checking if gcc supports -c -o file.o
configure:7412: gcc -c -g -O2  -o out/conftest2.o conftest.c >&5
configure:7416: $? = 0
configure:7438: result: yes
configure:7446: checking if gcc supports -c -o file.o
configure:7493: result: yes
configure:7526: checking whether the gcc linker (/Applications/Xcode.app/Contents/Developer/Toolchains/XcodeDefault.xctoolchain/usr/bin/ld) supports shared libraries
configure:8512: result: yes
configure:8751: checking dynamic linker characteristics
configure:9404: result: darwin18.6.0 dyld
configure:9506: checking how to hardcode library paths into programs
configure:9531: result: immediate
configure:10051: checking whether stripping libraries is possible
configure:10065: result: yes
configure:10091: checking if libtool supports shared libraries
configure:10093: result: yes
configure:10096: checking whether to build shared libraries
configure:10117: result: yes
configure:10120: checking whether to build static libraries
configure:10124: result: yes
configure:10250: checking for gcc
configure:10277: result: gcc
configure:10506: checking for C compiler version
configure:10515: gcc --version >&5
Apple LLVM version 10.0.1 (clang-1001.0.46.4)
Target: x86_64-apple-darwin18.6.0
Thread model: posix
InstalledDir: /Applications/Xcode.app/Contents/Developer/Toolchains/XcodeDefault.xctoolchain/usr/bin
Configured with: --prefix=/Applications/Xcode.app/Contents/Developer/usr --with-gxx-include-dir=/Applications/Xcode.app/Contents/Developer/Platforms/MacOSX.platform/Developer/SDKs/MacOSX10.14.sdk/usr/include/c++/4.2.1
configure:10526: $? = 0
configure:10515: gcc -v >&5
Configured with: --prefix=/Applications/Xcode.app/Contents/Developer/usr --with-gxx-include-dir=/Applications/Xcode.app/Contents/Developer/Platforms/MacOSX.platform/Developer/SDKs/MacOSX10.14.sdk/usr/include/c++/4.2.1
Apple LLVM version 10.0.1 (clang-1001.0.46.4)
Target: x86_64-apple-darwin18.6.0
Thread model: posix
InstalledDir: /Applications/Xcode.app/Contents/Developer/Toolchains/XcodeDefault.xctoolchain/usr/bin
configure:10526: $? = 0
configure:10515: gcc -V >&5
clang: error: unsupported option '-V -Wno-atomic-implicit-seq-cst'
clang: error: no input files
configure:10526: $? = 1
configure:10515: gcc -qversion >&5
clang: error: unknown argument '-qversion', did you mean '--version'?
clang: error: no input files
configure:10526: $? = 1
configure:10530: checking whether we are using the GNU C compiler
configure:10558: result: yes
configure:10567: checking whether gcc accepts -g
configure:10628: result: yes
configure:10645: checking for gcc option to accept ISO C89
configure:10721: result: none needed
configure:10755: checking for a BSD-compatible install
configure:10823: result: /usr/bin/install -c
configure:10834: checking whether make sets $(MAKE)
configure:10856: result: yes
configure:10874: checking for windres
configure:10904: result: no
configure:10874: checking for darwin18.6.0-windres
configure:10904: result: no
configure:10941: checking for an ANSI C-conforming const
configure:11007: gcc -c -g -O2  -D_GNU_SOURCE=1   -D_GNU_SOURCE=1 conftest.c >&5
configure:11007: $? = 0
configure:11014: result: yes
configure:11032: checking for GCC -MMD -MT option
configure:11050: gcc -c -g -O2  -D_GNU_SOURCE=1   -D_GNU_SOURCE=1 conftest.c >&5
configure:11050: $? = 0
configure:11056: result: yes
configure:11210: checking for pkg-config
configure:11228: found /Users/ppetitea/.brew/bin/pkg-config
configure:11240: result: /Users/ppetitea/.brew/bin/pkg-config
configure:11265: checking pkg-config is at least version 0.9.0
configure:11268: result: yes
configure:11306: checking for SDL
configure:11314: $PKG_CONFIG --exists --print-errors "sdl2 >= $min_sdl_version"
Package sdl2 was not found in the pkg-config search path.
Perhaps you should add the directory containing `sdl2.pc'
to the PKG_CONFIG_PATH environment variable
No package 'sdl2' found
configure:11317: $? = 1
configure:11332: $PKG_CONFIG --exists --print-errors "sdl2 >= $min_sdl_version"
Package sdl2 was not found in the pkg-config search path.
Perhaps you should add the directory containing `sdl2.pc'
to the PKG_CONFIG_PATH environment variable
No package 'sdl2' found
configure:11335: $? = 1
No package 'sdl2' found
configure:11363: result: no
configure:11401: checking for sdl2-config
configure:11419: found /Users/ppetitea/.brew/bin/sdl2-config
configure:11432: result: /Users/ppetitea/.brew/bin/sdl2-config
configure:11441: checking for SDL - version >= 2.0.0
configure:11529: gcc -o conftest -g -O2  -D_GNU_SOURCE=1 -I/Users/ppetitea/.brew/include/SDL2 -D_THREAD_SAFE   -D_GNU_SOURCE=1   conftest.c  -L/Users/ppetitea/.brew/lib -lSDL2 >&5
configure:11529: $? = 0
configure:11529: ./conftest
configure:11529: $? = 0
configure:11544: result: yes
configure:11621: checking for pow in -lm
configure:11646: gcc -o conftest -g -O2  -D_GNU_SOURCE=1   -D_GNU_SOURCE=1   conftest.c -lm   >&5
conftest.c:28:6: warning: incompatible redeclaration of library function 'pow' [-Wincompatible-library-redeclaration]
char pow ();
     ^
conftest.c:28:6: note: 'pow' is a builtin with type 'double (double, double)'
1 warning generated.
configure:11646: $? = 0
configure:11655: result: yes
configure:11664: checking signal.h usability
configure:11664: gcc -c -g -O2  -D_GNU_SOURCE=1   -D_GNU_SOURCE=1 conftest.c >&5
configure:11664: $? = 0
configure:11664: result: yes
configure:11664: checking signal.h presence
configure:11664: gcc -E   -D_GNU_SOURCE=1 conftest.c
configure:11664: $? = 0
configure:11664: result: yes
configure:11664: checking for signal.h
configure:11664: result: yes
configure:11676: checking for setbuf
configure:11676: gcc -o conftest -g -O2  -D_GNU_SOURCE=1   -D_GNU_SOURCE=1   conftest.c  >&5
configure:11676: $? = 0
configure:11676: result: yes
configure:11102: checking for GCC -fvisibility=hidden option
configure:11125: gcc -c -g -O2  -D_GNU_SOURCE=1 -fvisibility=hidden -Werror   -D_GNU_SOURCE=1 conftest.c >&5
configure:11125: $? = 0
configure:11131: result: yes
configure:11700: checking for fork
configure:11700: gcc -o conftest -g -O2  -D_GNU_SOURCE=1   -D_GNU_SOURCE=1   conftest.c  >&5
configure:11700: $? = 0
configure:11700: result: yes
configure:11700: checking for vfork
configure:11700: gcc -o conftest -g -O2  -D_GNU_SOURCE=1   -D_GNU_SOURCE=1   conftest.c  >&5
conftest.c:47:6: warning: incompatible redeclaration of library function 'vfork' [-Wincompatible-library-redeclaration]
char vfork ();
     ^
conftest.c:47:6: note: 'vfork' is a builtin with type 'int (void)'
1 warning generated.
configure:11700: $? = 0
configure:11700: result: yes
configure:11761: checking for MODPLUG
configure:11769: $PKG_CONFIG --exists --print-errors "libmodplug >= 0.8.8"
Package libmodplug was not found in the pkg-config search path.
Perhaps you should add the directory containing `libmodplug.pc'
to the PKG_CONFIG_PATH environment variable
No package 'libmodplug' found
configure:11772: $? = 1
configure:11787: $PKG_CONFIG --exists --print-errors "libmodplug >= 0.8.8"
Package libmodplug was not found in the pkg-config search path.
Perhaps you should add the directory containing `libmodplug.pc'
to the PKG_CONFIG_PATH environment variable
No package 'libmodplug' found
configure:11790: $? = 1
No package 'libmodplug' found
configure:11818: result: no
configure:11820: checking modplug.h usability
configure:11820: gcc -c -g -O2  -D_GNU_SOURCE=1   -D_GNU_SOURCE=1 conftest.c >&5
conftest.c:58:10: fatal error: 'modplug.h' file not found
#include <modplug.h>
         ^~~~~~~~~~~
1 error generated.
configure:11820: $? = 1
configure: failed program was:
| /* confdefs.h */
| #define PACKAGE_NAME ""
| #define PACKAGE_TARNAME ""
| #define PACKAGE_VERSION ""
| #define PACKAGE_STRING ""
| #define PACKAGE_BUGREPORT ""
| #define PACKAGE_URL ""
| #define STDC_HEADERS 1
| #define HAVE_SYS_TYPES_H 1
| #define HAVE_SYS_STAT_H 1
| #define HAVE_STDLIB_H 1
| #define HAVE_STRING_H 1
| #define HAVE_MEMORY_H 1
| #define HAVE_STRINGS_H 1
| #define HAVE_INTTYPES_H 1
| #define HAVE_STDINT_H 1
| #define HAVE_UNISTD_H 1
| #define HAVE_DLFCN_H 1
| #define LT_OBJDIR ".libs/"
| #define HAVE_SIGNAL_H 1
| #define HAVE_SETBUF 1
| #define HAVE_FORK 1
| #define HAVE_VFORK 1
| /* end confdefs.h.  */
| #include <stdio.h>
| #ifdef HAVE_SYS_TYPES_H
| # include <sys/types.h>
| #endif
| #ifdef HAVE_SYS_STAT_H
| # include <sys/stat.h>
| #endif
| #ifdef STDC_HEADERS
| # include <stdlib.h>
| # include <stddef.h>
| #else
| # ifdef HAVE_STDLIB_H
| #  include <stdlib.h>
| # endif
| #endif
| #ifdef HAVE_STRING_H
| # if !defined STDC_HEADERS && defined HAVE_MEMORY_H
| #  include <memory.h>
| # endif
| # include <string.h>
| #endif
| #ifdef HAVE_STRINGS_H
| # include <strings.h>
| #endif
| #ifdef HAVE_INTTYPES_H
| # include <inttypes.h>
| #endif
| #ifdef HAVE_STDINT_H
| # include <stdint.h>
| #endif
| #ifdef HAVE_UNISTD_H
| # include <unistd.h>
| #endif
| #include <modplug.h>
configure:11820: result: no
configure:11820: checking modplug.h presence
configure:11820: gcc -E   -D_GNU_SOURCE=1 conftest.c
conftest.c:25:10: fatal error: 'modplug.h' file not found
#include <modplug.h>
         ^~~~~~~~~~~
1 error generated.
configure:11820: $? = 1
configure: failed program was:
| /* confdefs.h */
| #define PACKAGE_NAME ""
| #define PACKAGE_TARNAME ""
| #define PACKAGE_VERSION ""
| #define PACKAGE_STRING ""
| #define PACKAGE_BUGREPORT ""
| #define PACKAGE_URL ""
| #define STDC_HEADERS 1
| #define HAVE_SYS_TYPES_H 1
| #define HAVE_SYS_STAT_H 1
| #define HAVE_STDLIB_H 1
| #define HAVE_STRING_H 1
| #define HAVE_MEMORY_H 1
| #define HAVE_STRINGS_H 1
| #define HAVE_INTTYPES_H 1
| #define HAVE_STDINT_H 1
| #define HAVE_UNISTD_H 1
| #define HAVE_DLFCN_H 1
| #define LT_OBJDIR ".libs/"
| #define HAVE_SIGNAL_H 1
| #define HAVE_SETBUF 1
| #define HAVE_FORK 1
| #define HAVE_VFORK 1
| /* end confdefs.h.  */
| #include <modplug.h>
configure:11820: result: no
configure:11820: checking for modplug.h
configure:11820: result: no
configure:11826: checking for have_libmodplug_lib=yes in -lmodplug
configure:11851: gcc -o conftest -g -O2  -D_GNU_SOURCE=1   -D_GNU_SOURCE=1   conftest.c -lmodplug   >&5
conftest.c:32:26: warning: implicit declaration of function 'yes' is invalid in C99 [-Wimplicit-function-declaration]
char have_libmodplug_lib=yes ();
                         ^
conftest.c:32:26: error: initializer element is not a compile-time constant
char have_libmodplug_lib=yes ();
                         ^~~~~~
1 warning and 1 error generated.
configure:11851: $? = 1
configure: failed program was:
| /* confdefs.h */
| #define PACKAGE_NAME ""
| #define PACKAGE_TARNAME ""
| #define PACKAGE_VERSION ""
| #define PACKAGE_STRING ""
| #define PACKAGE_BUGREPORT ""
| #define PACKAGE_URL ""
| #define STDC_HEADERS 1
| #define HAVE_SYS_TYPES_H 1
| #define HAVE_SYS_STAT_H 1
| #define HAVE_STDLIB_H 1
| #define HAVE_STRING_H 1
| #define HAVE_MEMORY_H 1
| #define HAVE_STRINGS_H 1
| #define HAVE_INTTYPES_H 1
| #define HAVE_STDINT_H 1
| #define HAVE_UNISTD_H 1
| #define HAVE_DLFCN_H 1
| #define LT_OBJDIR ".libs/"
| #define HAVE_SIGNAL_H 1
| #define HAVE_SETBUF 1
| #define HAVE_FORK 1
| #define HAVE_VFORK 1
| /* end confdefs.h.  */
| 
| /* Override any GCC internal prototype to avoid an error.
|    Use char because int might match the return type of a GCC
|    builtin and then its argument prototype would still apply.  */
| #ifdef __cplusplus
| extern "C"
| #endif
| char have_libmodplug_lib=yes ();
| int
| main ()
| {
| return have_libmodplug_lib=yes ();
|   ;
|   return 0;
| }
configure:11860: result: no
configure:11960: WARNING: *** Unable to find ModPlug library (http://modplug-xmms.sourceforge.net/)
configure:12098: WARNING: MOD support disabled
configure:12172: checking fluidsynth.h usability
configure:12172: gcc -c -g -O2  -D_GNU_SOURCE=1   -D_GNU_SOURCE=1 conftest.c >&5
conftest.c:58:10: error: 'fluidsynth.h' file not found with <angled> include; use "quotes" instead
#include <fluidsynth.h>
         ^~~~~~~~~~~~~~
         "fluidsynth.h"
1 error generated.
configure:12172: $? = 1
configure: failed program was:
| /* confdefs.h */
| #define PACKAGE_NAME ""
| #define PACKAGE_TARNAME ""
| #define PACKAGE_VERSION ""
| #define PACKAGE_STRING ""
| #define PACKAGE_BUGREPORT ""
| #define PACKAGE_URL ""
| #define STDC_HEADERS 1
| #define HAVE_SYS_TYPES_H 1
| #define HAVE_SYS_STAT_H 1
| #define HAVE_STDLIB_H 1
| #define HAVE_STRING_H 1
| #define HAVE_MEMORY_H 1
| #define HAVE_STRINGS_H 1
| #define HAVE_INTTYPES_H 1
| #define HAVE_STDINT_H 1
| #define HAVE_UNISTD_H 1
| #define HAVE_DLFCN_H 1
| #define LT_OBJDIR ".libs/"
| #define HAVE_SIGNAL_H 1
| #define HAVE_SETBUF 1
| #define HAVE_FORK 1
| #define HAVE_VFORK 1
| /* end confdefs.h.  */
| #include <stdio.h>
| #ifdef HAVE_SYS_TYPES_H
| # include <sys/types.h>
| #endif
| #ifdef HAVE_SYS_STAT_H
| # include <sys/stat.h>
| #endif
| #ifdef STDC_HEADERS
| # include <stdlib.h>
| # include <stddef.h>
| #else
| # ifdef HAVE_STDLIB_H
| #  include <stdlib.h>
| # endif
| #endif
| #ifdef HAVE_STRING_H
| # if !defined STDC_HEADERS && defined HAVE_MEMORY_H
| #  include <memory.h>
| # endif
| # include <string.h>
| #endif
| #ifdef HAVE_STRINGS_H
| # include <strings.h>
| #endif
| #ifdef HAVE_INTTYPES_H
| # include <inttypes.h>
| #endif
| #ifdef HAVE_STDINT_H
| # include <stdint.h>
| #endif
| #ifdef HAVE_UNISTD_H
| # include <unistd.h>
| #endif
| #include <fluidsynth.h>
configure:12172: result: no
configure:12172: checking fluidsynth.h presence
configure:12172: gcc -E   -D_GNU_SOURCE=1 conftest.c
conftest.c:25:10: error: 'fluidsynth.h' file not found with <angled> include; use "quotes" instead
#include <fluidsynth.h>
         ^~~~~~~~~~~~~~
         "fluidsynth.h"
1 error generated.
configure:12172: $? = 1
configure: failed program was:
| /* confdefs.h */
| #define PACKAGE_NAME ""
| #define PACKAGE_TARNAME ""
| #define PACKAGE_VERSION ""
| #define PACKAGE_STRING ""
| #define PACKAGE_BUGREPORT ""
| #define PACKAGE_URL ""
| #define STDC_HEADERS 1
| #define HAVE_SYS_TYPES_H 1
| #define HAVE_SYS_STAT_H 1
| #define HAVE_STDLIB_H 1
| #define HAVE_STRING_H 1
| #define HAVE_MEMORY_H 1
| #define HAVE_STRINGS_H 1
| #define HAVE_INTTYPES_H 1
| #define HAVE_STDINT_H 1
| #define HAVE_UNISTD_H 1
| #define HAVE_DLFCN_H 1
| #define LT_OBJDIR ".libs/"
| #define HAVE_SIGNAL_H 1
| #define HAVE_SETBUF 1
| #define HAVE_FORK 1
| #define HAVE_VFORK 1
| /* end confdefs.h.  */
| #include <fluidsynth.h>
configure:12172: result: no
configure:12172: checking for fluidsynth.h
configure:12172: result: no
configure:12178: checking for fluid_player_add_mem in -lfluidsynth
configure:12203: gcc -o conftest -g -O2  -D_GNU_SOURCE=1   -D_GNU_SOURCE=1   conftest.c -lfluidsynth   >&5
ld: library not found for -lfluidsynth
clang: error: linker command failed with exit code 1 (use -v to see invocation)
configure:12203: $? = 1
configure: failed program was:
| /* confdefs.h */
| #define PACKAGE_NAME ""
| #define PACKAGE_TARNAME ""
| #define PACKAGE_VERSION ""
| #define PACKAGE_STRING ""
| #define PACKAGE_BUGREPORT ""
| #define PACKAGE_URL ""
| #define STDC_HEADERS 1
| #define HAVE_SYS_TYPES_H 1
| #define HAVE_SYS_STAT_H 1
| #define HAVE_STDLIB_H 1
| #define HAVE_STRING_H 1
| #define HAVE_MEMORY_H 1
| #define HAVE_STRINGS_H 1
| #define HAVE_INTTYPES_H 1
| #define HAVE_STDINT_H 1
| #define HAVE_UNISTD_H 1
| #define HAVE_DLFCN_H 1
| #define LT_OBJDIR ".libs/"
| #define HAVE_SIGNAL_H 1
| #define HAVE_SETBUF 1
| #define HAVE_FORK 1
| #define HAVE_VFORK 1
| /* end confdefs.h.  */
| 
| /* Override any GCC internal prototype to avoid an error.
|    Use char because int might match the return type of a GCC
|    builtin and then its argument prototype would still apply.  */
| #ifdef __cplusplus
| extern "C"
| #endif
| char fluid_player_add_mem ();
| int
| main ()
| {
| return fluid_player_add_mem ();
|   ;
|   return 0;
| }
configure:12212: result: no
configure:12243: WARNING: *** Unable to find FluidSynth library (http://www.fluidsynth.org/)
configure:12245: WARNING: FluidSynth support disabled
configure:12359: checking vorbis/vorbisfile.h usability
configure:12359: gcc -c -g -O2  -D_GNU_SOURCE=1   -D_GNU_SOURCE=1 conftest.c >&5
conftest.c:58:10: fatal error: 'vorbis/vorbisfile.h' file not found
#include <vorbis/vorbisfile.h>
         ^~~~~~~~~~~~~~~~~~~~~
1 error generated.
configure:12359: $? = 1
configure: failed program was:
| /* confdefs.h */
| #define PACKAGE_NAME ""
| #define PACKAGE_TARNAME ""
| #define PACKAGE_VERSION ""
| #define PACKAGE_STRING ""
| #define PACKAGE_BUGREPORT ""
| #define PACKAGE_URL ""
| #define STDC_HEADERS 1
| #define HAVE_SYS_TYPES_H 1
| #define HAVE_SYS_STAT_H 1
| #define HAVE_STDLIB_H 1
| #define HAVE_STRING_H 1
| #define HAVE_MEMORY_H 1
| #define HAVE_STRINGS_H 1
| #define HAVE_INTTYPES_H 1
| #define HAVE_STDINT_H 1
| #define HAVE_UNISTD_H 1
| #define HAVE_DLFCN_H 1
| #define LT_OBJDIR ".libs/"
| #define HAVE_SIGNAL_H 1
| #define HAVE_SETBUF 1
| #define HAVE_FORK 1
| #define HAVE_VFORK 1
| /* end confdefs.h.  */
| #include <stdio.h>
| #ifdef HAVE_SYS_TYPES_H
| # include <sys/types.h>
| #endif
| #ifdef HAVE_SYS_STAT_H
| # include <sys/stat.h>
| #endif
| #ifdef STDC_HEADERS
| # include <stdlib.h>
| # include <stddef.h>
| #else
| # ifdef HAVE_STDLIB_H
| #  include <stdlib.h>
| # endif
| #endif
| #ifdef HAVE_STRING_H
| # if !defined STDC_HEADERS && defined HAVE_MEMORY_H
| #  include <memory.h>
| # endif
| # include <string.h>
| #endif
| #ifdef HAVE_STRINGS_H
| # include <strings.h>
| #endif
| #ifdef HAVE_INTTYPES_H
| # include <inttypes.h>
| #endif
| #ifdef HAVE_STDINT_H
| # include <stdint.h>
| #endif
| #ifdef HAVE_UNISTD_H
| # include <unistd.h>
| #endif
| #include <vorbis/vorbisfile.h>
configure:12359: result: no
configure:12359: checking vorbis/vorbisfile.h presence
configure:12359: gcc -E   -D_GNU_SOURCE=1 conftest.c
conftest.c:25:10: fatal error: 'vorbis/vorbisfile.h' file not found
#include <vorbis/vorbisfile.h>
         ^~~~~~~~~~~~~~~~~~~~~
1 error generated.
configure:12359: $? = 1
configure: failed program was:
| /* confdefs.h */
| #define PACKAGE_NAME ""
| #define PACKAGE_TARNAME ""
| #define PACKAGE_VERSION ""
| #define PACKAGE_STRING ""
| #define PACKAGE_BUGREPORT ""
| #define PACKAGE_URL ""
| #define STDC_HEADERS 1
| #define HAVE_SYS_TYPES_H 1
| #define HAVE_SYS_STAT_H 1
| #define HAVE_STDLIB_H 1
| #define HAVE_STRING_H 1
| #define HAVE_MEMORY_H 1
| #define HAVE_STRINGS_H 1
| #define HAVE_INTTYPES_H 1
| #define HAVE_STDINT_H 1
| #define HAVE_UNISTD_H 1
| #define HAVE_DLFCN_H 1
| #define LT_OBJDIR ".libs/"
| #define HAVE_SIGNAL_H 1
| #define HAVE_SETBUF 1
| #define HAVE_FORK 1
| #define HAVE_VFORK 1
| /* end confdefs.h.  */
| #include <vorbis/vorbisfile.h>
configure:12359: result: no
configure:12359: checking for vorbis/vorbisfile.h
configure:12359: result: no
configure:12366: checking for ov_open_callbacks in -lvorbisfile -lvorbis -logg -lm
configure:12391: gcc -o conftest -g -O2  -D_GNU_SOURCE=1   -D_GNU_SOURCE=1   conftest.c -lvorbisfile -lvorbis -logg -lm   >&5
ld: library not found for -lvorbisfile
clang: error: linker command failed with exit code 1 (use -v to see invocation)
configure:12391: $? = 1
configure: failed program was:
| /* confdefs.h */
| #define PACKAGE_NAME ""
| #define PACKAGE_TARNAME ""
| #define PACKAGE_VERSION ""
| #define PACKAGE_STRING ""
| #define PACKAGE_BUGREPORT ""
| #define PACKAGE_URL ""
| #define STDC_HEADERS 1
| #define HAVE_SYS_TYPES_H 1
| #define HAVE_SYS_STAT_H 1
| #define HAVE_STDLIB_H 1
| #define HAVE_STRING_H 1
| #define HAVE_MEMORY_H 1
| #define HAVE_STRINGS_H 1
| #define HAVE_INTTYPES_H 1
| #define HAVE_STDINT_H 1
| #define HAVE_UNISTD_H 1
| #define HAVE_DLFCN_H 1
| #define LT_OBJDIR ".libs/"
| #define HAVE_SIGNAL_H 1
| #define HAVE_SETBUF 1
| #define HAVE_FORK 1
| #define HAVE_VFORK 1
| /* end confdefs.h.  */
| 
| /* Override any GCC internal prototype to avoid an error.
|    Use char because int might match the return type of a GCC
|    builtin and then its argument prototype would still apply.  */
| #ifdef __cplusplus
| extern "C"
| #endif
| char ov_open_callbacks ();
| int
| main ()
| {
| return ov_open_callbacks ();
|   ;
|   return 0;
| }
configure:12401: result: no
configure:12431: WARNING: *** Unable to find Ogg Vorbis library (http://www.xiph.org/)
configure:12433: WARNING: Ogg Vorbis support disabled
configure:12455: checking FLAC/export.h usability
configure:12455: gcc -c -g -O2  -D_GNU_SOURCE=1   -D_GNU_SOURCE=1 conftest.c >&5
conftest.c:58:10: fatal error: 'FLAC/export.h' file not found
#include <FLAC/export.h>
         ^~~~~~~~~~~~~~~
1 error generated.
configure:12455: $? = 1
configure: failed program was:
| /* confdefs.h */
| #define PACKAGE_NAME ""
| #define PACKAGE_TARNAME ""
| #define PACKAGE_VERSION ""
| #define PACKAGE_STRING ""
| #define PACKAGE_BUGREPORT ""
| #define PACKAGE_URL ""
| #define STDC_HEADERS 1
| #define HAVE_SYS_TYPES_H 1
| #define HAVE_SYS_STAT_H 1
| #define HAVE_STDLIB_H 1
| #define HAVE_STRING_H 1
| #define HAVE_MEMORY_H 1
| #define HAVE_STRINGS_H 1
| #define HAVE_INTTYPES_H 1
| #define HAVE_STDINT_H 1
| #define HAVE_UNISTD_H 1
| #define HAVE_DLFCN_H 1
| #define LT_OBJDIR ".libs/"
| #define HAVE_SIGNAL_H 1
| #define HAVE_SETBUF 1
| #define HAVE_FORK 1
| #define HAVE_VFORK 1
| /* end confdefs.h.  */
| #include <stdio.h>
| #ifdef HAVE_SYS_TYPES_H
| # include <sys/types.h>
| #endif
| #ifdef HAVE_SYS_STAT_H
| # include <sys/stat.h>
| #endif
| #ifdef STDC_HEADERS
| # include <stdlib.h>
| # include <stddef.h>
| #else
| # ifdef HAVE_STDLIB_H
| #  include <stdlib.h>
| # endif
| #endif
| #ifdef HAVE_STRING_H
| # if !defined STDC_HEADERS && defined HAVE_MEMORY_H
| #  include <memory.h>
| # endif
| # include <string.h>
| #endif
| #ifdef HAVE_STRINGS_H
| # include <strings.h>
| #endif
| #ifdef HAVE_INTTYPES_H
| # include <inttypes.h>
| #endif
| #ifdef HAVE_STDINT_H
| # include <stdint.h>
| #endif
| #ifdef HAVE_UNISTD_H
| # include <unistd.h>
| #endif
| #include <FLAC/export.h>
configure:12455: result: no
configure:12455: checking FLAC/export.h presence
configure:12455: gcc -E   -D_GNU_SOURCE=1 conftest.c
conftest.c:25:10: fatal error: 'FLAC/export.h' file not found
#include <FLAC/export.h>
         ^~~~~~~~~~~~~~~
1 error generated.
configure:12455: $? = 1
configure: failed program was:
| /* confdefs.h */
| #define PACKAGE_NAME ""
| #define PACKAGE_TARNAME ""
| #define PACKAGE_VERSION ""
| #define PACKAGE_STRING ""
| #define PACKAGE_BUGREPORT ""
| #define PACKAGE_URL ""
| #define STDC_HEADERS 1
| #define HAVE_SYS_TYPES_H 1
| #define HAVE_SYS_STAT_H 1
| #define HAVE_STDLIB_H 1
| #define HAVE_STRING_H 1
| #define HAVE_MEMORY_H 1
| #define HAVE_STRINGS_H 1
| #define HAVE_INTTYPES_H 1
| #define HAVE_STDINT_H 1
| #define HAVE_UNISTD_H 1
| #define HAVE_DLFCN_H 1
| #define LT_OBJDIR ".libs/"
| #define HAVE_SIGNAL_H 1
| #define HAVE_SETBUF 1
| #define HAVE_FORK 1
| #define HAVE_VFORK 1
| /* end confdefs.h.  */
| #include <FLAC/export.h>
configure:12455: result: no
configure:12455: checking for FLAC/export.h
configure:12455: result: no
configure:12568: WARNING: *** Unable to find FLAC library (http://flac.sourceforge.net/)
configure:12570: WARNING: FLAC support disabled
configure:12638: checking for smpeg2-config
configure:12669: result: no
configure:12678: checking for SMPEG - version >= 2.0.0
configure:12781: result: no
configure:12860: WARNING: *** Unable to find SMPEG library (http://icculus.org/smpeg/)
configure:12909: WARNING: MP3 support disabled
configure:13125: creating ./config.status

## ---------------------- ##
## Running config.status. ##
## ---------------------- ##

This file was extended by config.status, which was
generated by GNU Autoconf 2.69.  Invocation command line was

  CONFIG_FILES    = 
  CONFIG_HEADERS  = 
  CONFIG_LINKS    = 
  CONFIG_COMMANDS = 
  $ ./config.status 

on e2r2p10.42.fr

config.status:1151: executing libtool commands
configure:15202: creating ./config.status

## ---------------------- ##
## Running config.status. ##
## ---------------------- ##

This file was extended by config.status, which was
generated by GNU Autoconf 2.69.  Invocation command line was

  CONFIG_FILES    = 
  CONFIG_HEADERS  = 
  CONFIG_LINKS    = 
  CONFIG_COMMANDS = 
  $ ./config.status 

on e2r2p10.42.fr

config.status:1052: creating Makefile
config.status:1052: creating SDL2_mixer.spec
config.status:1052: creating SDL2_mixer.pc
config.status:1218: executing libtool commands
config.status:1218: executing default commands

## ---------------- ##
## Cache variables. ##
## ---------------- ##

ac_cv_build=x86_64-apple-darwin18.6.0
ac_cv_c_compiler_gnu=yes
ac_cv_c_const=yes
ac_cv_env_CC_set=
ac_cv_env_CC_value=
ac_cv_env_CFLAGS_set=
ac_cv_env_CFLAGS_value=
ac_cv_env_CPPFLAGS_set=
ac_cv_env_CPPFLAGS_value=
ac_cv_env_CPP_set=
ac_cv_env_CPP_value=
ac_cv_env_LDFLAGS_set=
ac_cv_env_LDFLAGS_value=
ac_cv_env_LIBS_set=
ac_cv_env_LIBS_value=
ac_cv_env_MODPLUG_CFLAGS_set=
ac_cv_env_MODPLUG_CFLAGS_value=
ac_cv_env_MODPLUG_LIBS_set=
ac_cv_env_MODPLUG_LIBS_value=
ac_cv_env_PKG_CONFIG_set=
ac_cv_env_PKG_CONFIG_value=
ac_cv_env_SDL_CFLAGS_set=
ac_cv_env_SDL_CFLAGS_value=
ac_cv_env_SDL_LIBS_set=
ac_cv_env_SDL_LIBS_value=
ac_cv_env_build_alias_set=
ac_cv_env_build_alias_value=
ac_cv_env_host_alias_set=
ac_cv_env_host_alias_value=
ac_cv_env_target_alias_set=
ac_cv_env_target_alias_value=
ac_cv_func_fork=yes
ac_cv_func_setbuf=yes
ac_cv_func_vfork=yes
ac_cv_header_FLAC_export_h=no
ac_cv_header_dlfcn_h=yes
ac_cv_header_fluidsynth_h=no
ac_cv_header_inttypes_h=yes
ac_cv_header_memory_h=yes
ac_cv_header_modplug_h=no
ac_cv_header_signal_h=yes
ac_cv_header_stdc=yes
ac_cv_header_stdint_h=yes
ac_cv_header_stdlib_h=yes
ac_cv_header_string_h=yes
ac_cv_header_strings_h=yes
ac_cv_header_sys_stat_h=yes
ac_cv_header_sys_types_h=yes
ac_cv_header_unistd_h=yes
ac_cv_header_vorbis_vorbisfile_h=no
ac_cv_host=x86_64-apple-darwin18.6.0
ac_cv_lib_fluidsynth_fluid_player_add_mem=no
ac_cv_lib_m_pow=yes
ac_cv_lib_modplug_have_libmodplug_lib_yes=no
ac_cv_lib_vorbisfile__lvorbis__logg__lm___ov_open_callbacks=no
ac_cv_objext=o
ac_cv_path_EGREP='/usr/bin/grep -E'
ac_cv_path_FGREP='/usr/bin/grep -F'
ac_cv_path_GREP=/usr/bin/grep
ac_cv_path_SDL2_CONFIG=/Users/ppetitea/.brew/bin/sdl2-config
ac_cv_path_SED=/usr/bin/sed
ac_cv_path_SMPEG_CONFIG=no
ac_cv_path_ac_pt_PKG_CONFIG=/Users/ppetitea/.brew/bin/pkg-config
ac_cv_path_install='/usr/bin/install -c'
ac_cv_prog_CPP='gcc -E'
ac_cv_prog_ac_ct_AR=ar
ac_cv_prog_ac_ct_CC=gcc
ac_cv_prog_ac_ct_DSYMUTIL=dsymutil
ac_cv_prog_ac_ct_LIPO=lipo
ac_cv_prog_ac_ct_NMEDIT=nmedit
ac_cv_prog_ac_ct_OBJDUMP=objdump
ac_cv_prog_ac_ct_OTOOL=otool
ac_cv_prog_ac_ct_RANLIB=ranlib
ac_cv_prog_ac_ct_STRIP=strip
ac_cv_prog_cc_c89=
ac_cv_prog_cc_g=yes
ac_cv_prog_make_make_set=yes
lt_cv_apple_cc_single_mod=yes
lt_cv_deplibs_check_method=pass_all
lt_cv_file_magic_cmd='$MAGIC_CMD'
lt_cv_file_magic_test_file=
lt_cv_ld_exported_symbols_list=yes
lt_cv_ld_reload_flag=-r
lt_cv_nm_interface='BSD nm'
lt_cv_objdir=.libs
lt_cv_path_LD=/Applications/Xcode.app/Contents/Developer/Toolchains/XcodeDefault.xctoolchain/usr/bin/ld
lt_cv_path_NM='/usr/bin/nm -B'
lt_cv_prog_compiler_c_o=yes
lt_cv_prog_compiler_pic_works=yes
lt_cv_prog_compiler_rtti_exceptions=yes
lt_cv_prog_compiler_static_works=no
lt_cv_prog_gnu_ld=no
lt_cv_sys_global_symbol_pipe='sed -n -e '\''s/^.*[	 ]\([BCDEGRST][BCDEGRST]*\)[	 ][	 ]*_\([_A-Za-z][_A-Za-z0-9]*\)$/\1 _\2 \2/p'\'''
lt_cv_sys_global_symbol_to_c_name_address='sed -n -e '\''s/^: \([^ ]*\) $/  {\"\1\", (void *) 0},/p'\'' -e '\''s/^[BCDEGRST]* \([^ ]*\) \([^ ]*\)$/  {"\2", (void *) \&\2},/p'\'''
lt_cv_sys_global_symbol_to_c_name_address_lib_prefix='sed -n -e '\''s/^: \([^ ]*\) $/  {\"\1\", (void *) 0},/p'\'' -e '\''s/^[BCDEGRST]* \([^ ]*\) \(lib[^ ]*\)$/  {"\2", (void *) \&\2},/p'\'' -e '\''s/^[BCDEGRST]* \([^ ]*\) \([^ ]*\)$/  {"lib\2", (void *) \&\2},/p'\'''
lt_cv_sys_global_symbol_to_cdecl='sed -n -e '\''s/^T .* \(.*\)$/extern int \1();/p'\'' -e '\''s/^[BCDEGRST]* .* \(.*\)$/extern char \1;/p'\'''
lt_cv_sys_max_cmd_len=196608

## ----------------- ##
## Output variables. ##
## ----------------- ##

AR='ar'
AS='as'
BINARY_AGE='0'
BUILD_CFLAGS='-g -O2 '
BUILD_LDFLAGS=''
CC='gcc'
CFLAGS='-g -O2  -D_GNU_SOURCE=1'
CPP='gcc -E'
CPPFLAGS='  -D_GNU_SOURCE=1'
DEFS='-DPACKAGE_NAME=\"\" -DPACKAGE_TARNAME=\"\" -DPACKAGE_VERSION=\"\" -DPACKAGE_STRING=\"\" -DPACKAGE_BUGREPORT=\"\" -DPACKAGE_URL=\"\" -DSTDC_HEADERS=1 -DHAVE_SYS_TYPES_H=1 -DHAVE_SYS_STAT_H=1 -DHAVE_STDLIB_H=1 -DHAVE_STRING_H=1 -DHAVE_MEMORY_H=1 -DHAVE_STRINGS_H=1 -DHAVE_INTTYPES_H=1 -DHAVE_STDINT_H=1 -DHAVE_UNISTD_H=1 -DHAVE_DLFCN_H=1 -DLT_OBJDIR=\".libs/\" -DHAVE_SIGNAL_H=1 -DHAVE_SETBUF=1 -DHAVE_FORK=1 -DHAVE_VFORK=1'
DLLTOOL='dlltool'
DSYMUTIL='dsymutil'
DUMPBIN=''
ECHO_C='\c'
ECHO_N=''
ECHO_T=''
EGREP='/usr/bin/grep -E'
EXE=''
EXEEXT=''
EXTRA_CFLAGS=' -D_GNU_SOURCE=1 -I/Users/ppetitea/.brew/include/SDL2 -D_THREAD_SAFE -DHAVE_SIGNAL_H -DHAVE_SETBUF -fvisibility=hidden -DHAVE_FORK -DCMD_MUSIC -DWAV_MUSIC -DMID_MUSIC -DUSE_TIMIDITY_MIDI -I$(srcdir)/timidity -DUSE_NATIVE_MIDI -I$(srcdir)/native_midi'
EXTRA_LDFLAGS=' -L/Users/ppetitea/.brew/lib -lSDL2 -Wl,-framework,AudioToolbox -Wl,-framework,AudioUnit -Wl,-framework,CoreServices -lm'
FGREP='/usr/bin/grep -F'
GREP='/usr/bin/grep'
INSTALL_DATA='${INSTALL} -m 644'
INSTALL_PROGRAM='${INSTALL}'
INSTALL_SCRIPT='${INSTALL}'
INTERFACE_AGE='0'
LD='/Applications/Xcode.app/Contents/Developer/Toolchains/XcodeDefault.xctoolchain/usr/bin/ld'
LDFLAGS=' '
LIBMIKMOD_CONFIG=''
LIBOBJS=''
LIBS=''
LIBTOOL='$(SHELL) $(top_builddir)/libtool'
LIPO='lipo'
LN_S='ln -s'
LTLIBOBJS=''
LT_AGE='0'
LT_CURRENT='0'
LT_RELEASE='2.0'
LT_REVISION='0'
MAJOR_VERSION='2'
MICRO_VERSION='0'
MINOR_VERSION='0'
MODPLUG_CFLAGS=''
MODPLUG_LIBS=''
NM='/usr/bin/nm -B'
NMEDIT='nmedit'
OBJDUMP='objdump'
OBJECTS='$(objects)/effect_position.lo $(objects)/effect_stereoreverse.lo $(objects)/effects_internal.lo $(objects)/load_aiff.lo $(objects)/load_voc.lo $(objects)/mixer.lo $(objects)/music.lo $(objects)/music_cmd.lo $(objects)/wavestream.lo $(objects)/common.lo $(objects)/ctrlmode.lo $(objects)/filter.lo $(objects)/instrum.lo $(objects)/mix.lo $(objects)/output.lo $(objects)/playmidi.lo $(objects)/readmidi.lo $(objects)/resample.lo $(objects)/sdl_a.lo $(objects)/sdl_c.lo $(objects)/tables.lo $(objects)/timidity.lo $(objects)/native_midi_common.lo $(objects)/native_midi_mac.lo $(objects)/native_midi_macosx.lo $(objects)/native_midi_win32.lo '
OBJEXT='o'
OTOOL64=':'
OTOOL='otool'
PACKAGE_BUGREPORT=''
PACKAGE_NAME=''
PACKAGE_STRING=''
PACKAGE_TARNAME=''
PACKAGE_URL=''
PACKAGE_VERSION=''
PATH_SEPARATOR=':'
PKG_CONFIG='/Users/ppetitea/.brew/bin/pkg-config'
PLAYMUS_OBJECTS='$(objects)/playmus.lo'
PLAYWAVE_OBJECTS='$(objects)/playwave.lo'
RANLIB='ranlib'
SDL2_CONFIG='/Users/ppetitea/.brew/bin/sdl2-config'
SDL_CFLAGS='-I/Users/ppetitea/.brew/include/SDL2 -D_THREAD_SAFE'
SDL_LIBS='-L/Users/ppetitea/.brew/lib -lSDL2'
SDL_VERSION='2.0.0'
SED='/usr/bin/sed'
SET_MAKE=''
SHELL='/bin/sh'
SMPEG_CFLAGS=''
SMPEG_CONFIG='no'
SMPEG_LIBS=''
STRIP='strip'
VERSION='2.0.0'
VERSION_OBJECTS=''
WINDRES=''
ac_aux_dir='./build-scripts'
ac_ct_CC='gcc'
ac_ct_DUMPBIN=''
bindir='${exec_prefix}/bin'
build='x86_64-apple-darwin18.6.0'
build_alias=''
build_cpu='x86_64'
build_os='darwin18.6.0'
build_vendor='apple'
datadir='${datarootdir}'
datarootdir='${prefix}/share'
docdir='${datarootdir}/doc/${PACKAGE}'
dvidir='${docdir}'
exec_prefix='${prefix}'
host='x86_64-apple-darwin18.6.0'
host_alias=''
host_cpu='x86_64'
host_os='darwin18.6.0'
host_vendor='apple'
htmldir='${docdir}'
includedir='${prefix}/include'
infodir='${datarootdir}/info'
libdir='${exec_prefix}/lib'
libexecdir='${exec_prefix}/libexec'
localedir='${datarootdir}/locale'
localstatedir='${prefix}/var'
lt_ECHO='/bin/echo'
mandir='${datarootdir}/man'
oldincludedir='/usr/include'
pdfdir='${docdir}'
prefix='/usr/local'
program_transform_name='s,x,x,'
psdir='${docdir}'
sbindir='${exec_prefix}/sbin'
sharedstatedir='${prefix}/com'
sysconfdir='${prefix}/etc'
target_alias=''

## ----------- ##
## confdefs.h. ##
## ----------- ##

/* confdefs.h */
#define PACKAGE_NAME ""
#define PACKAGE_TARNAME ""
#define PACKAGE_VERSION ""
#define PACKAGE_STRING ""
#define PACKAGE_BUGREPORT ""
#define PACKAGE_URL ""
#define STDC_HEADERS 1
#define HAVE_SYS_TYPES_H 1
#define HAVE_SYS_STAT_H 1
#define HAVE_STDLIB_H 1
#define HAVE_STRING_H 1
#define HAVE_MEMORY_H 1
#define HAVE_STRINGS_H 1
#define HAVE_INTTYPES_H 1
#define HAVE_STDINT_H 1
#define HAVE_UNISTD_H 1
#define HAVE_DLFCN_H 1
#define LT_OBJDIR ".libs/"
#define HAVE_SIGNAL_H 1
#define HAVE_SETBUF 1
#define HAVE_FORK 1
#define HAVE_VFORK 1

configure: exit 0
